<?xml version="1.0" encoding="UTF-8"?>
<testsuite name="com.qa.scripts.AccountSignup" failures="0" tests="1" time="0.031" errors="0">
  <properties/>
  <testcase name="@BeforeSuite SetupEnvironment" time="0.0" classname="com.qa.scripts.AccountSignup">
    <failure type="java.lang.NullPointerException">
      <![CDATA[java.lang.NullPointerException
	at com.qa.Functions.common.CommonUtils.toInt(CommonUtils.java:82)
	at com.qa.setup.AndroidEmulatorSetup.setUpEnvironment(AndroidEmulatorSetup.java:18)
	at com.qa.scripts.SetupScript.SetupEnvironment(SetupScript.java:20)
... Removed 15 stack frames]]>
    </failure>
  </testcase>
  <testcase name="@BeforeTest getDriver" time="0.0" classname="com.qa.scripts.AccountSignup">
    <skipped/>
  </testcase>
  <testcase name="@AfterTest quitDriver" time="0.0" classname="com.qa.scripts.AccountSignup">
    <skipped/>
  </testcase>
  <testcase name="accountSinghup" time="0.0" classname="com.qa.scripts.AccountSignup">
    <skipped/>
  </testcase>
</testsuite>
