<testng-results>
  <reporter-output>
  </reporter-output>
  <suite name="belford_automation">
    <groups>
    </groups>
    <test name="com.qa.scripts.SauceWithSelenium1">
      <class name="com.qa.scripts.SauceWithSelenium1">
        <test-method status="SKIP" signature="quitDriver()" name="quitDriver" is-config="true" duration-ms="0" started-at="2012-06-20T16:39:34Z" finished-at="2012-06-20T16:39:34Z">
        </test-method>
        <test-method status="FAIL" signature="getDriver(java.lang.String)" name="getDriver" is-config="true" duration-ms="0" started-at="2012-06-20T16:39:34Z" finished-at="2012-06-20T16:39:34Z">
          <exception class="org.testng.TestNGException">
            <message>
              <![CDATA[
Method getDriver requires 1 parameters but 0 were supplied in the @Configuration annotation.]]>
            </message>
            <full-stacktrace>
              <![CDATA[org.testng.TestNGException: 
Method getDriver requires 1 parameters but 0 were supplied in the @Configuration annotation.
	at org.testng.internal.Parameters.checkParameterTypes(Parameters.java:152)
	at org.testng.internal.Parameters.createParameters(Parameters.java:97)
	at org.testng.internal.Parameters.createParameters(Parameters.java:295)
	at org.testng.internal.Parameters.createConfigurationParameters(Parameters.java:71)
	at org.testng.internal.Invoker.invokeConfigurations(Invoker.java:143)
	at org.testng.internal.Invoker.invokeConfigurations(Invoker.java:88)
	at org.testng.TestRunner.beforeRun(TestRunner.java:510)
	at org.testng.TestRunner.run(TestRunner.java:478)
	at org.testng.SuiteRunner.runTest(SuiteRunner.java:332)
	at org.testng.SuiteRunner.runSequentially(SuiteRunner.java:327)
	at org.testng.SuiteRunner.privateRun(SuiteRunner.java:299)
	at org.testng.SuiteRunner.run(SuiteRunner.java:204)
	at org.testng.TestNG.createAndRunSuiteRunners(TestNG.java:877)
	at org.testng.TestNG.runSuitesLocally(TestNG.java:842)
	at org.testng.TestNG.run(TestNG.java:751)
	at org.testng.remote.RemoteTestNG.run(RemoteTestNG.java:73)
	at org.testng.remote.RemoteTestNG.main(RemoteTestNG.java:124)
]]>
            </full-stacktrace>
          </exception>
        </test-method>
        <test-method status="SKIP" signature="TestSelenium1()" name="TestSelenium1" duration-ms="16" started-at="2012-06-20T16:39:34Z" finished-at="2012-06-20T16:39:34Z">
        </test-method>
      </class>
    </test>
  </suite>
</testng-results>
