<testng-results>
  <reporter-output>
  </reporter-output>
  <suite name="Saucelabs_framework">
    <groups>
    </groups>
    <test name="com.qa.scripts.SauceWithSelenium2">
      <class name="com.qa.scripts.SauceWithSelenium2">
        <test-method status="SKIP" signature="quitDriver()" name="quitDriver" is-config="true" duration-ms="0" started-at="2012-07-04T11:37:17Z" finished-at="2012-07-04T11:37:17Z">
        </test-method>
        <test-method status="SKIP" signature="TestSelenium2()" name="TestSelenium2" duration-ms="0" started-at="2012-07-04T11:37:17Z" finished-at="2012-07-04T11:37:17Z">
        </test-method>
        <test-method status="FAIL" signature="getDriver(java.lang.String)" name="getDriver" is-config="true" duration-ms="0" started-at="2012-07-04T11:37:17Z" finished-at="2012-07-04T11:37:17Z">
          <exception class="org.testng.TestNGException">
            <message>
              <![CDATA[
Parameter 'browser' is required by @Configuration on method getDriver
but has not been marked @Optional or defined in E:\belford_workspace\Saucelabs_framework\temp-testng-customsuite.xml]]>
            </message>
            <full-stacktrace>
              <![CDATA[org.testng.TestNGException: 
Parameter 'browser' is required by @Configuration on method getDriver
but has not been marked @Optional or defined in E:\belford_workspace\Saucelabs_framework\temp-testng-customsuite.xml
	at org.testng.internal.Parameters.createParameters(Parameters.java:119)
	at org.testng.internal.Parameters.createParameters(Parameters.java:280)
	at org.testng.internal.Parameters.createConfigurationParameters(Parameters.java:71)
	at org.testng.internal.Invoker.invokeConfigurations(Invoker.java:143)
	at org.testng.internal.Invoker.invokeConfigurations(Invoker.java:88)
	at org.testng.TestRunner.beforeRun(TestRunner.java:510)
	at org.testng.TestRunner.run(TestRunner.java:478)
	at org.testng.SuiteRunner.runTest(SuiteRunner.java:332)
	at org.testng.SuiteRunner.runSequentially(SuiteRunner.java:327)
	at org.testng.SuiteRunner.privateRun(SuiteRunner.java:299)
	at org.testng.SuiteRunner.run(SuiteRunner.java:204)
	at org.testng.TestNG.createAndRunSuiteRunners(TestNG.java:877)
	at org.testng.TestNG.runSuitesLocally(TestNG.java:842)
	at org.testng.TestNG.run(TestNG.java:751)
	at org.testng.remote.RemoteTestNG.run(RemoteTestNG.java:73)
	at org.testng.remote.RemoteTestNG.main(RemoteTestNG.java:124)
]]>
            </full-stacktrace>
          </exception>
        </test-method>
      </class>
    </test>
  </suite>
</testng-results>
